2025-10-02 20:15:30,340 [INFO] ===== INICIANDO PIPELINE =====
2025-10-02 20:15:30,340 [INFO] Iniciando etapa: Carregar CSV
2025-10-02 20:15:30,342 [INFO] Total de linhas carregadas: 1000
2025-10-02 20:15:30,343 [INFO] Iniciando etapa: Filtrar livros com preço > 30.0
2025-10-02 20:15:30,344 [INFO] Total após filtro de preço: 597
2025-10-02 20:15:30,344 [INFO] Iniciando etapa: Filtrar livros em estoque
2025-10-02 20:15:30,344 [INFO] Total após filtro de disponibilidade: 597
2025-10-02 20:15:30,344 [INFO] Iniciando etapa: Agrupar por rating
2025-10-02 20:15:30,345 [INFO] Rating Three: 121 livros
2025-10-02 20:15:30,345 [INFO] Rating One: 126 livros
2025-10-02 20:15:30,345 [INFO] Rating Four: 112 livros
2025-10-02 20:15:30,345 [INFO] Rating Five: 118 livros
2025-10-02 20:15:30,346 [INFO] Rating Two: 120 livros
2025-10-02 20:15:30,346 [INFO] ===== PIPELINE CONCLUÍDO =====
2025-10-02 20:19:51,236 [INFO] ===== INICIANDO PIPELINE =====
2025-10-02 20:19:51,237 [INFO] Iniciando etapa: Carregar CSV
2025-10-02 20:19:51,239 [INFO] Total de linhas carregadas: 1000
2025-10-02 20:19:51,239 [INFO] Iniciando etapa: Filtrar livros com preço > 30.0
2025-10-02 20:19:51,240 [INFO] Total após filtro de preço: 597
2025-10-02 20:19:51,240 [INFO] Iniciando etapa: Filtrar livros em estoque
2025-10-02 20:19:51,240 [INFO] Total após filtro de disponibilidade: 597
2025-10-02 20:19:51,240 [INFO] Iniciando etapa: Agrupar por rating
2025-10-02 20:19:51,241 [INFO] Livros que tem classificação Three: 121 livros
2025-10-02 20:19:51,241 [INFO] Livros que tem classificação One: 126 livros
2025-10-02 20:19:51,241 [INFO] Livros que tem classificação Four: 112 livros
2025-10-02 20:19:51,241 [INFO] Livros que tem classificação Five: 118 livros
2025-10-02 20:19:51,241 [INFO] Livros que tem classificação Two: 120 livros
2025-10-02 20:19:51,241 [INFO] ===== PIPELINE CONCLUÍDO =====
